2022-04-18 14:31:25,300 INFO werkzeug Thread-1 : 127.0.0.1 - - [18/Apr/2022 14:31:25] "OPTIONS /inpaint_image HTTP/1.1" 200 -
2022-04-18 14:31:31,293 INFO werkzeug Thread-2 : 127.0.0.1 - - [18/Apr/2022 14:31:31] "POST /inpaint_image HTTP/1.1" 200 -
2022-04-18 17:15:12,062 WARNING tensorflow Dummy-4 : Unresolved object in checkpoint: (root).optimizer.iter
2022-04-18 17:15:12,064 WARNING tensorflow Dummy-4 : Unresolved object in checkpoint: (root).optimizer.beta_1
2022-04-18 17:15:12,064 WARNING tensorflow Dummy-4 : Unresolved object in checkpoint: (root).optimizer.beta_2
2022-04-18 17:15:12,065 WARNING tensorflow Dummy-4 : Unresolved object in checkpoint: (root).optimizer.decay
2022-04-18 17:15:12,065 WARNING tensorflow Dummy-4 : Unresolved object in checkpoint: (root).optimizer.learning_rate
2022-04-18 17:15:12,066 WARNING tensorflow Dummy-4 : Unresolved object in checkpoint: (root).optimizer's state 'm' for (root).layer_with_weights-0.img_kernel
2022-04-18 17:15:12,067 WARNING tensorflow Dummy-4 : Unresolved object in checkpoint: (root).optimizer's state 'm' for (root).layer_with_weights-0.kernel_mask
2022-04-18 17:15:12,068 WARNING tensorflow Dummy-4 : Unresolved object in checkpoint: (root).optimizer's state 'm' for (root).layer_with_weights-0.bias
2022-04-18 17:15:12,068 WARNING tensorflow Dummy-4 : Unresolved object in checkpoint: (root).optimizer's state 'm' for (root).layer_with_weights-1.img_kernel
2022-04-18 17:15:12,069 WARNING tensorflow Dummy-4 : Unresolved object in checkpoint: (root).optimizer's state 'm' for (root).layer_with_weights-1.kernel_mask
2022-04-18 17:15:12,070 WARNING tensorflow Dummy-4 : Unresolved object in checkpoint: (root).optimizer's state 'm' for (root).layer_with_weights-1.bias
2022-04-18 17:15:12,071 WARNING tensorflow Dummy-4 : Unresolved object in checkpoint: (root).optimizer's state 'm' for (root).layer_with_weights-2.img_kernel
2022-04-18 17:15:12,071 WARNING tensorflow Dummy-4 : Unresolved object in checkpoint: (root).optimizer's state 'm' for (root).layer_with_weights-2.kernel_mask
2022-04-18 17:15:12,072 WARNING tensorflow Dummy-4 : Unresolved object in checkpoint: (root).optimizer's state 'm' for (root).layer_with_weights-2.bias
2022-04-18 17:15:12,073 WARNING tensorflow Dummy-4 : Unresolved object in checkpoint: (root).optimizer's state 'm' for (root).layer_with_weights-3.img_kernel
2022-04-18 17:15:12,073 WARNING tensorflow Dummy-4 : Unresolved object in checkpoint: (root).optimizer's state 'm' for (root).layer_with_weights-3.kernel_mask
2022-04-18 17:15:12,074 WARNING tensorflow Dummy-4 : Unresolved object in checkpoint: (root).optimizer's state 'm' for (root).layer_with_weights-3.bias
2022-04-18 17:15:12,075 WARNING tensorflow Dummy-4 : Unresolved object in checkpoint: (root).optimizer's state 'm' for (root).layer_with_weights-4.img_kernel
2022-04-18 17:15:12,076 WARNING tensorflow Dummy-4 : Unresolved object in checkpoint: (root).optimizer's state 'm' for (root).layer_with_weights-4.kernel_mask
2022-04-18 17:15:12,077 WARNING tensorflow Dummy-4 : Unresolved object in checkpoint: (root).optimizer's state 'm' for (root).layer_with_weights-4.bias
2022-04-18 17:15:12,078 WARNING tensorflow Dummy-4 : Unresolved object in checkpoint: (root).optimizer's state 'm' for (root).layer_with_weights-5.img_kernel
2022-04-18 17:15:12,079 WARNING tensorflow Dummy-4 : Unresolved object in checkpoint: (root).optimizer's state 'm' for (root).layer_with_weights-5.kernel_mask
2022-04-18 17:15:12,079 WARNING tensorflow Dummy-4 : Unresolved object in checkpoint: (root).optimizer's state 'm' for (root).layer_with_weights-5.bias
2022-04-18 17:15:12,079 WARNING tensorflow Dummy-4 : Unresolved object in checkpoint: (root).optimizer's state 'm' for (root).layer_with_weights-6.img_kernel
2022-04-18 17:15:12,080 WARNING tensorflow Dummy-4 : Unresolved object in checkpoint: (root).optimizer's state 'm' for (root).layer_with_weights-6.kernel_mask
2022-04-18 17:15:12,080 WARNING tensorflow Dummy-4 : Unresolved object in checkpoint: (root).optimizer's state 'm' for (root).layer_with_weights-6.bias
2022-04-18 17:15:12,080 WARNING tensorflow Dummy-4 : Unresolved object in checkpoint: (root).optimizer's state 'm' for (root).layer_with_weights-7.img_kernel
2022-04-18 17:15:12,081 WARNING tensorflow Dummy-4 : Unresolved object in checkpoint: (root).optimizer's state 'm' for (root).layer_with_weights-7.kernel_mask
2022-04-18 17:15:12,082 WARNING tensorflow Dummy-4 : Unresolved object in checkpoint: (root).optimizer's state 'm' for (root).layer_with_weights-7.bias
2022-04-18 17:15:12,082 WARNING tensorflow Dummy-4 : Unresolved object in checkpoint: (root).optimizer's state 'm' for (root).layer_with_weights-8.img_kernel
2022-04-18 17:15:12,084 WARNING tensorflow Dummy-4 : Unresolved object in checkpoint: (root).optimizer's state 'm' for (root).layer_with_weights-8.kernel_mask
2022-04-18 17:15:12,085 WARNING tensorflow Dummy-4 : Unresolved object in checkpoint: (root).optimizer's state 'm' for (root).layer_with_weights-8.bias
2022-04-18 17:15:12,086 WARNING tensorflow Dummy-4 : Unresolved object in checkpoint: (root).optimizer's state 'm' for (root).layer_with_weights-9.img_kernel
2022-04-18 17:15:12,087 WARNING tensorflow Dummy-4 : Unresolved object in checkpoint: (root).optimizer's state 'm' for (root).layer_with_weights-9.kernel_mask
2022-04-18 17:15:12,088 WARNING tensorflow Dummy-4 : Unresolved object in checkpoint: (root).optimizer's state 'm' for (root).layer_with_weights-9.bias
2022-04-18 17:15:12,089 WARNING tensorflow Dummy-4 : Unresolved object in checkpoint: (root).optimizer's state 'm' for (root).layer_with_weights-10.img_kernel
2022-04-18 17:15:12,089 WARNING tensorflow Dummy-4 : Unresolved object in checkpoint: (root).optimizer's state 'm' for (root).layer_with_weights-10.kernel_mask
2022-04-18 17:15:12,090 WARNING tensorflow Dummy-4 : Unresolved object in checkpoint: (root).optimizer's state 'm' for (root).layer_with_weights-10.bias
2022-04-18 17:15:12,090 WARNING tensorflow Dummy-4 : Unresolved object in checkpoint: (root).optimizer's state 'm' for (root).layer_with_weights-11.img_kernel
2022-04-18 17:15:12,092 WARNING tensorflow Dummy-4 : Unresolved object in checkpoint: (root).optimizer's state 'm' for (root).layer_with_weights-11.kernel_mask
2022-04-18 17:15:12,093 WARNING tensorflow Dummy-4 : Unresolved object in checkpoint: (root).optimizer's state 'm' for (root).layer_with_weights-11.bias
2022-04-18 17:15:12,093 WARNING tensorflow Dummy-4 : Unresolved object in checkpoint: (root).optimizer's state 'm' for (root).layer_with_weights-12.img_kernel
2022-04-18 17:15:12,094 WARNING tensorflow Dummy-4 : Unresolved object in checkpoint: (root).optimizer's state 'm' for (root).layer_with_weights-12.kernel_mask
2022-04-18 17:15:12,095 WARNING tensorflow Dummy-4 : Unresolved object in checkpoint: (root).optimizer's state 'm' for (root).layer_with_weights-12.bias
2022-04-18 17:15:12,095 WARNING tensorflow Dummy-4 : Unresolved object in checkpoint: (root).optimizer's state 'm' for (root).layer_with_weights-13.img_kernel
2022-04-18 17:15:12,096 WARNING tensorflow Dummy-4 : Unresolved object in checkpoint: (root).optimizer's state 'm' for (root).layer_with_weights-13.kernel_mask
2022-04-18 17:15:12,096 WARNING tensorflow Dummy-4 : Unresolved object in checkpoint: (root).optimizer's state 'm' for (root).layer_with_weights-13.bias
2022-04-18 17:15:12,097 WARNING tensorflow Dummy-4 : Unresolved object in checkpoint: (root).optimizer's state 'm' for (root).layer_with_weights-14.img_kernel
2022-04-18 17:15:12,097 WARNING tensorflow Dummy-4 : Unresolved object in checkpoint: (root).optimizer's state 'm' for (root).layer_with_weights-14.kernel_mask
2022-04-18 17:15:12,098 WARNING tensorflow Dummy-4 : Unresolved object in checkpoint: (root).optimizer's state 'm' for (root).layer_with_weights-14.bias
2022-04-18 17:15:12,099 WARNING tensorflow Dummy-4 : Unresolved object in checkpoint: (root).optimizer's state 'm' for (root).layer_with_weights-15.img_kernel
2022-04-18 17:15:12,099 WARNING tensorflow Dummy-4 : Unresolved object in checkpoint: (root).optimizer's state 'm' for (root).layer_with_weights-15.kernel_mask
2022-04-18 17:15:12,100 WARNING tensorflow Dummy-4 : Unresolved object in checkpoint: (root).optimizer's state 'm' for (root).layer_with_weights-15.bias
2022-04-18 17:15:12,101 WARNING tensorflow Dummy-4 : Unresolved object in checkpoint: (root).optimizer's state 'm' for (root).layer_with_weights-16.kernel
2022-04-18 17:15:12,102 WARNING tensorflow Dummy-4 : Unresolved object in checkpoint: (root).optimizer's state 'm' for (root).layer_with_weights-16.bias
2022-04-18 17:15:12,103 WARNING tensorflow Dummy-4 : Unresolved object in checkpoint: (root).optimizer's state 'v' for (root).layer_with_weights-0.img_kernel
2022-04-18 17:15:12,103 WARNING tensorflow Dummy-4 : Unresolved object in checkpoint: (root).optimizer's state 'v' for (root).layer_with_weights-0.kernel_mask
2022-04-18 17:15:12,104 WARNING tensorflow Dummy-4 : Unresolved object in checkpoint: (root).optimizer's state 'v' for (root).layer_with_weights-0.bias
2022-04-18 17:15:12,105 WARNING tensorflow Dummy-4 : Unresolved object in checkpoint: (root).optimizer's state 'v' for (root).layer_with_weights-1.img_kernel
2022-04-18 17:15:12,105 WARNING tensorflow Dummy-4 : Unresolved object in checkpoint: (root).optimizer's state 'v' for (root).layer_with_weights-1.kernel_mask
2022-04-18 17:15:12,106 WARNING tensorflow Dummy-4 : Unresolved object in checkpoint: (root).optimizer's state 'v' for (root).layer_with_weights-1.bias
2022-04-18 17:15:12,107 WARNING tensorflow Dummy-4 : Unresolved object in checkpoint: (root).optimizer's state 'v' for (root).layer_with_weights-2.img_kernel
2022-04-18 17:15:12,108 WARNING tensorflow Dummy-4 : Unresolved object in checkpoint: (root).optimizer's state 'v' for (root).layer_with_weights-2.kernel_mask
2022-04-18 17:15:12,109 WARNING tensorflow Dummy-4 : Unresolved object in checkpoint: (root).optimizer's state 'v' for (root).layer_with_weights-2.bias
2022-04-18 17:15:12,110 WARNING tensorflow Dummy-4 : Unresolved object in checkpoint: (root).optimizer's state 'v' for (root).layer_with_weights-3.img_kernel
2022-04-18 17:15:12,111 WARNING tensorflow Dummy-4 : Unresolved object in checkpoint: (root).optimizer's state 'v' for (root).layer_with_weights-3.kernel_mask
2022-04-18 17:15:12,112 WARNING tensorflow Dummy-4 : Unresolved object in checkpoint: (root).optimizer's state 'v' for (root).layer_with_weights-3.bias
2022-04-18 17:15:12,112 WARNING tensorflow Dummy-4 : Unresolved object in checkpoint: (root).optimizer's state 'v' for (root).layer_with_weights-4.img_kernel
2022-04-18 17:15:12,113 WARNING tensorflow Dummy-4 : Unresolved object in checkpoint: (root).optimizer's state 'v' for (root).layer_with_weights-4.kernel_mask
2022-04-18 17:15:12,114 WARNING tensorflow Dummy-4 : Unresolved object in checkpoint: (root).optimizer's state 'v' for (root).layer_with_weights-4.bias
2022-04-18 17:15:12,114 WARNING tensorflow Dummy-4 : Unresolved object in checkpoint: (root).optimizer's state 'v' for (root).layer_with_weights-5.img_kernel
2022-04-18 17:15:12,115 WARNING tensorflow Dummy-4 : Unresolved object in checkpoint: (root).optimizer's state 'v' for (root).layer_with_weights-5.kernel_mask
2022-04-18 17:15:12,115 WARNING tensorflow Dummy-4 : Unresolved object in checkpoint: (root).optimizer's state 'v' for (root).layer_with_weights-5.bias
2022-04-18 17:15:12,116 WARNING tensorflow Dummy-4 : Unresolved object in checkpoint: (root).optimizer's state 'v' for (root).layer_with_weights-6.img_kernel
2022-04-18 17:15:12,116 WARNING tensorflow Dummy-4 : Unresolved object in checkpoint: (root).optimizer's state 'v' for (root).layer_with_weights-6.kernel_mask
2022-04-18 17:15:12,117 WARNING tensorflow Dummy-4 : Unresolved object in checkpoint: (root).optimizer's state 'v' for (root).layer_with_weights-6.bias
2022-04-18 17:15:12,119 WARNING tensorflow Dummy-4 : Unresolved object in checkpoint: (root).optimizer's state 'v' for (root).layer_with_weights-7.img_kernel
2022-04-18 17:15:12,120 WARNING tensorflow Dummy-4 : Unresolved object in checkpoint: (root).optimizer's state 'v' for (root).layer_with_weights-7.kernel_mask
2022-04-18 17:15:12,120 WARNING tensorflow Dummy-4 : Unresolved object in checkpoint: (root).optimizer's state 'v' for (root).layer_with_weights-7.bias
2022-04-18 17:15:12,121 WARNING tensorflow Dummy-4 : Unresolved object in checkpoint: (root).optimizer's state 'v' for (root).layer_with_weights-8.img_kernel
2022-04-18 17:15:12,122 WARNING tensorflow Dummy-4 : Unresolved object in checkpoint: (root).optimizer's state 'v' for (root).layer_with_weights-8.kernel_mask
2022-04-18 17:15:12,122 WARNING tensorflow Dummy-4 : Unresolved object in checkpoint: (root).optimizer's state 'v' for (root).layer_with_weights-8.bias
2022-04-18 17:15:12,123 WARNING tensorflow Dummy-4 : Unresolved object in checkpoint: (root).optimizer's state 'v' for (root).layer_with_weights-9.img_kernel
2022-04-18 17:15:12,124 WARNING tensorflow Dummy-4 : Unresolved object in checkpoint: (root).optimizer's state 'v' for (root).layer_with_weights-9.kernel_mask
2022-04-18 17:15:12,124 WARNING tensorflow Dummy-4 : Unresolved object in checkpoint: (root).optimizer's state 'v' for (root).layer_with_weights-9.bias
2022-04-18 17:15:12,125 WARNING tensorflow Dummy-4 : Unresolved object in checkpoint: (root).optimizer's state 'v' for (root).layer_with_weights-10.img_kernel
2022-04-18 17:15:12,126 WARNING tensorflow Dummy-4 : Unresolved object in checkpoint: (root).optimizer's state 'v' for (root).layer_with_weights-10.kernel_mask
2022-04-18 17:15:12,127 WARNING tensorflow Dummy-4 : Unresolved object in checkpoint: (root).optimizer's state 'v' for (root).layer_with_weights-10.bias
2022-04-18 17:15:12,128 WARNING tensorflow Dummy-4 : Unresolved object in checkpoint: (root).optimizer's state 'v' for (root).layer_with_weights-11.img_kernel
2022-04-18 17:15:12,128 WARNING tensorflow Dummy-4 : Unresolved object in checkpoint: (root).optimizer's state 'v' for (root).layer_with_weights-11.kernel_mask
2022-04-18 17:15:12,129 WARNING tensorflow Dummy-4 : Unresolved object in checkpoint: (root).optimizer's state 'v' for (root).layer_with_weights-11.bias
2022-04-18 17:15:12,129 WARNING tensorflow Dummy-4 : Unresolved object in checkpoint: (root).optimizer's state 'v' for (root).layer_with_weights-12.img_kernel
2022-04-18 17:15:12,130 WARNING tensorflow Dummy-4 : Unresolved object in checkpoint: (root).optimizer's state 'v' for (root).layer_with_weights-12.kernel_mask
2022-04-18 17:15:12,130 WARNING tensorflow Dummy-4 : Unresolved object in checkpoint: (root).optimizer's state 'v' for (root).layer_with_weights-12.bias
2022-04-18 17:15:12,131 WARNING tensorflow Dummy-4 : Unresolved object in checkpoint: (root).optimizer's state 'v' for (root).layer_with_weights-13.img_kernel
2022-04-18 17:15:12,131 WARNING tensorflow Dummy-4 : Unresolved object in checkpoint: (root).optimizer's state 'v' for (root).layer_with_weights-13.kernel_mask
2022-04-18 17:15:12,132 WARNING tensorflow Dummy-4 : Unresolved object in checkpoint: (root).optimizer's state 'v' for (root).layer_with_weights-13.bias
2022-04-18 17:15:12,132 WARNING tensorflow Dummy-4 : Unresolved object in checkpoint: (root).optimizer's state 'v' for (root).layer_with_weights-14.img_kernel
2022-04-18 17:15:12,133 WARNING tensorflow Dummy-4 : Unresolved object in checkpoint: (root).optimizer's state 'v' for (root).layer_with_weights-14.kernel_mask
2022-04-18 17:15:12,134 WARNING tensorflow Dummy-4 : Unresolved object in checkpoint: (root).optimizer's state 'v' for (root).layer_with_weights-14.bias
2022-04-18 17:15:12,135 WARNING tensorflow Dummy-4 : Unresolved object in checkpoint: (root).optimizer's state 'v' for (root).layer_with_weights-15.img_kernel
2022-04-18 17:15:12,136 WARNING tensorflow Dummy-4 : Unresolved object in checkpoint: (root).optimizer's state 'v' for (root).layer_with_weights-15.kernel_mask
2022-04-18 17:15:12,136 WARNING tensorflow Dummy-4 : Unresolved object in checkpoint: (root).optimizer's state 'v' for (root).layer_with_weights-15.bias
2022-04-18 17:15:12,137 WARNING tensorflow Dummy-4 : Unresolved object in checkpoint: (root).optimizer's state 'v' for (root).layer_with_weights-16.kernel
2022-04-18 17:15:12,137 WARNING tensorflow Dummy-4 : Unresolved object in checkpoint: (root).optimizer's state 'v' for (root).layer_with_weights-16.bias
2022-04-18 17:15:12,138 WARNING tensorflow Dummy-4 : A checkpoint was restored (e.g. tf.train.Checkpoint.restore or tf.keras.Model.load_weights) but not all checkpointed values were used. See above for specific issues. Use expect_partial() on the load status object, e.g. tf.train.Checkpoint.restore(...).expect_partial(), to silence these warnings, or use assert_consumed() to make the check explicit. See https://www.tensorflow.org/guide/checkpoint#loading_mechanics for details.
